auto-generated by afni_proc.py, Fri Jan 27 14:54:03 2023
(version 7.38, April 22, 2022)
execution started: Fri Jan 27 15:40:23 EST 2023
Precompiled binary linux_ubuntu_16_64: Apr 24 2022 (Version AFNI_22.1.06 'Antoninus Pius')
-- is current: afni_history as new as: 07 Mar 2022
               most recent entry is:   23 Apr 2022
min outlier: run 01, TR 66
#++ align_epi_anat version: 1.62
#++ turning off volume registration
#Script is running (command trimmed):
  3dAttribute DELTA ./vr_base_min_outlier+orig
#Script is running (command trimmed):
  3dAttribute DELTA ./vr_base_min_outlier+orig
#Script is running (command trimmed):
  3dAttribute DELTA ./110004_02152017.T1_2+orig
#++ Multi-cost is lpc
#++ Removing all the temporary files
#Script is running:
  \rm -f ./__tt_vr_base_min_outlier*
#Script is running:
  \rm -f ./__tt_110004_02152017.T1_2*
#Script is running (command trimmed):
  3dcopy ./110004_02152017.T1_2+orig ./__tt_110004_02152017.T1_2+orig
#Script is running (command trimmed):
  3dinfo ./__tt_110004_02152017.T1_2+orig | \grep 'Data Axes Tilt:'|\grep 'Oblique'
#++ Dataset /media/mcuser/Data2/desimone/ab4240_imaging/resting_state/data_proc/110004_02152017/proc_py/__tt_110004_02152017.T1_2+orig is not oblique
#Script is running (command trimmed):
  3dinfo ./vr_base_min_outlier+orig | \grep 'Data Axes Tilt:'|\grep 'Oblique'
#++ Dataset /media/mcuser/Data2/desimone/ab4240_imaging/resting_state/data_proc/110004_02152017/proc_py/vr_base_min_outlier+orig is not oblique
#++ using 0th sub-brick because only one found
#Script is running (command trimmed):
  3dbucket -prefix ./__tt_vr_base_min_outlier_ts ./vr_base_min_outlier+orig'[0]'
#++ resampling epi to match anat data
#Script is running (command trimmed):
  3dresample -master ./__tt_110004_02152017.T1_2+orig -prefix ./__tt_vr_base_min_outlier_ts_rs -inset ./__tt_vr_base_min_outlier_ts+orig'' -rmode Cu
#++ removing skull or area outside brain
#Script is running (command trimmed):
  3dAutomask -apply_prefix ./__tt_vr_base_min_outlier_ts_rs_ns ./__tt_vr_base_min_outlier_ts_rs+orig
#++ Computing weight mask
#Script is running (command trimmed):
  3dBrickStat -automask -percentile 90.000000 1 90.000000 ./__tt_vr_base_min_outlier_ts_rs_ns+orig
#++ Applying threshold of 1229.411621 on /media/mcuser/Data2/desimone/ab4240_imaging/resting_state/data_proc/110004_02152017/proc_py/__tt_vr_base_min_outlier_ts_rs_ns+orig
#Script is running (command trimmed):
  3dcalc -datum float -prefix ./__tt_vr_base_min_outlier_ts_rs_ns_wt -a ./__tt_vr_base_min_outlier_ts_rs_ns+orig -expr 'min(1,(a/1229.411621))'
#++ Aligning anat data to epi data
#Script is running (command trimmed):
  3dAllineate -lpc -wtprefix ./__tt_110004_02152017.T1_2_al_junk_wtal -weight ./__tt_vr_base_min_outlier_ts_rs_ns_wt+orig -source ./__tt_110004_02152017.T1_2+orig -prefix ./110004_02152017.T1_2_al_junk -base ./__tt_vr_base_min_outlier_ts_rs_ns+orig -nocmass -1Dmatrix_save ./110004_02152017.T1_2_al_junk_mat.aff12.1D -master SOURCE -weight_frac 1.0 -maxrot 6 -maxshf 10 -VERB -warp aff -source_automask+4 -onepass 
#++ Creating final output: anat data aligned to epi
# copy is not necessary
#++ Saving history
#Script is running (command trimmed):
  3dNotes -h "align_epi_anat.py -anat2epi -anat 110004_02152017.T1_2+orig \
 -suffix _al_junk -epi vr_base_min_outlier+orig -epi_base 0 -epi_strip \
 3dAutomask -anat_has_skull no -volreg off -tshift off" \
 ./110004_02152017.T1_2_al_junk+orig

#++ Removing all the temporary files
#Script is running:
  \rm -f ./__tt_vr_base_min_outlier*
#Script is running:
  \rm -f ./__tt_110004_02152017.T1_2*

# Finished alignment successfully

#++ auto_warp.py version: 0.06
# Output directory /media/mcuser/Data2/desimone/ab4240_imaging/resting_state/data_proc/110004_02152017/proc_py/awpy/
#Script is running (command trimmed):
  mkdir ./awpy/
cd /media/mcuser/Data2/desimone/ab4240_imaging/resting_state/data_proc/110004_02152017/proc_py/awpy/
#Script is running (command trimmed):
  3dcopy /media/mcuser/Data2/desimone/ab4240_imaging/resting_state/data_proc/110004_02152017/proc_py/110004_02152017.T1_2+orig ./anat.nii
#Script is running (command trimmed):
  3dUnifize -GM -input ./anat.nii -prefix ./anat.un.nii
#Script is running (command trimmed):
  3dcopy /home/mcuser/abin/MNI152_T1_2009c+tlrc ./base.nii
#++ Aligning /media/mcuser/Data2/desimone/ab4240_imaging/resting_state/data_proc/110004_02152017/proc_py/awpy/base.nii data to /media/mcuser/Data2/desimone/ab4240_imaging/resting_state/data_proc/110004_02152017/proc_py/awpy/anat.un.nii data
#Script is running (command trimmed):
  @auto_tlrc -base ./base.nii -input ./anat.un.nii -suffix .aff -no_ss -no_pre -init_xform CENTER 
Copying NIFTI volume to ./anat.un_AFN_OYmeqfZ3JqF7n9LNC7gDAA

Performing center alignment with @Align_Centers

++ anat already stripped, re-using
Center distance of 0.000051 mm
Padding ...
Resampling ...
Clipping -0.000100 1531.890100 ...
Registration (cubic final interpolation) ...
RMS[0] = 116.136 55.9484   ITER = 9/50
116.136

Warping has converged.

Applying brain mask
Unpadding ...
Changing view of transformed anatomy
Setting parent with 3drefit -wset ./anat.un_AFN_OYmeqfZ3JqF7n9LNC7gDAA+orig.HEAD __ats_tmp___upad15_pre.anat.un_AFN_OYmeqfZ3JqF7n9LNC7gDAA.aff+tlrc
Cleanup ...
#Script is running (command trimmed):
  3dAttribute DELTA ./anat.un.aff.nii
#Script is running (command trimmed):
  3dAttribute DELTA ./base.nii
1.000000 1.000000
#Script is running (command trimmed):
  3dinfo -same_grid ./anat.un.aff.nii ./base.nii
#++ Aligning /media/mcuser/Data2/desimone/ab4240_imaging/resting_state/data_proc/110004_02152017/proc_py/awpy/base.nii data to /media/mcuser/Data2/desimone/ab4240_imaging/resting_state/data_proc/110004_02152017/proc_py/awpy/anat.un.aff.nii data
#Script is running (command trimmed):
  3dQwarp -prefix ./anat.un.aff.qw.nii -blur -3 -3 -workhard:0:1 -base ./base.nii -source ./anat.un.aff.nii 
#++ Applying warps to /media/mcuser/Data2/desimone/ab4240_imaging/resting_state/data_proc/110004_02152017/proc_py/110004_02152017.T1_2+orig
#Script is running (command trimmed):
  3dNwarpApply -nwarp "./anat.un.aff.qw_WARP.nii anat.un.aff.Xat.1D" -master ./base.nii -source /media/mcuser/Data2/desimone/ab4240_imaging/resting_state/data_proc/110004_02152017/proc_py/110004_02152017.T1_2+orig -prefix ./110004_02152017.T1_2.aw.nii 
#++ Saving history
#Script is running (command trimmed):
  3dNotes -h "auto_warp.py -base MNI152_T1_2009c+tlrc -input \
 110004_02152017.T1_2+orig -skull_strip_input no" \
 ./110004_02152017.T1_2.aw.nii


++ 3dAllineate: AFNI version=AFNI_22.1.06 (Apr 24 2022) [64-bit]
++ Authored by: Zhark the Registrator
++ Source dataset: ./anat_final.110004_02152017+tlrc.HEAD
++ Base dataset:   ./final_epi_vr_base_min_outlier+tlrc.HEAD
++ Loading datasets into memory
++ Local correlation: blok type = 'TOHD(15.531)'
 +        -cmass x y z shifts =   -0.309    0.053   -7.420
 +  shift search range is +/- =   68.373   82.818   72.225
[7m*+ WARNING:[0m No output dataset will be calculated
++ OpenMP thread count = 15
 + initial Parameters = 0.0000 0.0000 0.0000 0.0000 0.0000 0.0000 1.0000 1.0000 1.0000 0.0000 0.0000 0.0000
++ allcost output: init #0
   ls   = 0.199849
   sp   = 0.277695
   mi   = 3.85954
   crM  = 0.0377738
   nmi  = 0.857204
   je   = 3.85954
   hel  = -0.142245
   crA  = 0.19462
   crU  = 0.184463
   lss  = 0.800151
   lpc  = 0.281271
   lpa  = 0.718729
   lpc+ = 0.377063
   lpa+ = 0.814521
++ 3dAllineate: total CPU time = 0.0 sec  Elapsed = 2.7
++ ###########################################################
Program 3dmerge 
3dmerge: edit and combine 3D datasets, by RW Cox
++ editing input dataset in memory (233.9 MB)
.....................................................................................................................................................................................................

++ 3dABoverlap: AFNI version=AFNI_22.1.06 (Apr 24 2022) [64-bit]
#A=./full_mask.110004_02152017+tlrc.BRIK  B=./mask_anat.110004_02152017+tlrc.BRIK
#A           #B           #(A uni B)   #(A int B)   #(A \ B)     #(B \ A)     %(A \ B)    %(B \ A)    Rx(B/A)    Ry(B/A)    Rz(B/A)
76169        99876        100104       75941        228          23935         0.2993     23.9647     1.1515     1.0384     1.3168
0.862745	
0.836392	

++ Compile date = Apr 24 2022 {AFNI_22.1.06:linux_ubuntu_16_64}

total number of censored TRs (simple form) = 0
-- no warnings for correlation matrix (cut = 0.400) --

initial DF                   : 197 : 100.0%

DF used for regs of interest :   0 :   0.0%
DF used for censoring        :   0 :   0.0%
DF used for polort           :   5 :   2.5%
DF used for motion           :  12 :   6.1%
DF used for bandpass         :  88 :  44.7%
total DF used                : 105 :  53.3%

final DF                     :  92 :  46.7%

-- GCOR =  0.0630843
average epits FWHM blurs: 0 0 0 0
average epits ACF blurs: 0.465161 6.80738 18.1925 18.7376
average errts FWHM blurs: 0 0 0 0
average errts ACF blurs: 0.667538 7.15306 11.5524 16.6786
average err_reml FWHM blurs: 0 0 0 0
average err_reml ACF blurs: 0.688305 6.9755 12.2014 16.5214
** failed to guess at any stats dset, resting state?
   (else X-matrix file "X.xmat.1D" may not apply)
++ writing ss review basic:          @ss_review_basic
** no stats_dset dset, cannot drive view_stats, skipping...
++ writing ss review driver:         @ss_review_driver
++ writing ss review drive commands: @ss_review_driver_commands

subject ID                : 110004_02152017
AFNI version              : AFNI_22.1.06
AFNI package              : linux_ubuntu_16_64
TR                        : 3.0
TRs removed (per run)     : 3
num stim classes provided : 0
final anatomy dset        : anat_final.110004_02152017+tlrc.HEAD
final stats dset          : NO_STATS
final errts dset          : errts.110004_02152017_REML+tlrc.HEAD
orig voxel counts         : 68	69	65
orig voxel resolution     : 3.300000	3.300000	3.300000
orig volume center        : 6.301697	15.417900	20.812859
final voxel resolution    : 3.000000	3.000000	3.000000

motion limit              : 0.5
num TRs above mot limit   : 0
average motion (per TR)   : 0.0197986
average censored motion   : 0.0197986
max motion displacement   : 0.240389
max censored displacement : 0.240389
outlier limit             : 0.1
average outlier frac (TR) : 0.00130518
num TRs above out limit   : 0

num runs found            : 1
num TRs per run           : 197
num TRs per run (applied) : 197
num TRs per run (censored): 0
fraction censored per run : 0
TRs total (uncensored)    : 197
TRs total                 : 197
degrees of freedom used   : 105
degrees of freedom left   : 92

TRs censored              : 0
censor fraction           : 0.000000
num regs of interest      : 0

TSNR average              : 628.529
global correlation (GCOR) : 0.0630843
anat/EPI mask Dice coef   : 0.862745
anat/templ mask Dice coef : 0.836392
blur estimates (ACF)      : 0.688305 6.9755 12.2014
blur estimates (FWHM)     : 0 0 0


++ Found 38 files for QCing.
++ Done making (executable) script to generate HTML QC:
    ./@ss_review_html
*+ Found main dset (template):  /home/mcuser/abin/MNI152_T1_2009c+tlrc
++ pbar name has known extension: jpg
++ My command:
   @chauffeur_afni -ulay vr_base_min_outlier+orig.HEAD -olay vr_base_min_outlier+orig.HEAD -ulay_range_nz 0 1129.000000 -func_range 1129.000000 -box_focus_slices AMASK_FOCUS_ULAY -cbar gray_scale -pbar_posonly -pbar_saveim QC_110004_02152017/media/qc_00_vorig_EPI.pbar.jpg -pbar_comm_range 98%ile in vol -pbar_for dset -prefix QC_110004_02152017/media/qc_00_vorig_EPI -save_ftype JPEG -blowup 4 -opacity 9 -montx 7 -monty 1 -montgap 1 -montcolor black -set_xhairs OFF -label_mode 1 -label_size 4 -no_cor -do_clean

++ Using AFNI ver : AFNI_22.1.06
++ chauffeur ver  : 6.31

------------------ start of optionizing ------------------

++ Found input file:   vr_base_min_outlier+orig.HEAD
++ Found input file:   vr_base_min_outlier+orig.HEAD
++ Using blowup factor: 4
++ Using opacity:  9
++ Making temporary work directory to copy vis files: QC_110004_02152017/media/__tmp_chauf_bOoadfBbNLu
++ Converted 0 to labels
++ Final subbrick indices: -1 -1 -1
++ Copy ulay to visualize (volumetric) within user's range:
++ Ulay to be visualized within user range:
   [0, 1129.000000]
++ 3dcalc: AFNI version=AFNI_22.1.06 (Apr 24 2022) [64-bit]
++ Authored by: A cast of thousands
++ Output dataset ./QC_110004_02152017/media/__tmp_chauf_bOoadfBbNLu/tmp_ulay.nii
++ 3dcalc: AFNI version=AFNI_22.1.06 (Apr 24 2022) [64-bit]
++ Authored by: A cast of thousands
++ Output dataset ./QC_110004_02152017/media/__tmp_chauf_bOoadfBbNLu/tmp_olay.nii
++ User-entered function range value value (1129.000000)
++ Dimensions (xyzt): 68 69 65 1
++ (initial) Slice spacing ordered (x,y,z) is:  9 9 9
++ 3dAutomask: AFNI version=AFNI_22.1.06 (Apr 24 2022) [64-bit]
++ Authored by: Emperor Zhark
++ 3dAutobox: AFNI version=AFNI_22.1.06 (Apr 24 2022) [64-bit]
++ Auto bbox: x=13..56  y=6..58  z=8..53
++ 3dAutobox: output dataset = QC_110004_02152017/media/__tmp_chauf_bOoadfBbNLu/ulay_box_0.nii
++ 3dmaskdump: AFNI version=AFNI_22.1.06 (Apr 24 2022) [64-bit]
++ Executing 3dcalc()
 argv[0]=3dcalc argv[1]=-a argv[2]=QC_110004_02152017/media/__tmp_chauf_bOoadfBbNLu/ulay_box_0.nii[0] argv[3]=-expr argv[4]=a argv[5]=-byte argv[6]=-session argv[7]=/tmp argv[8]=-prefix argv[9]=3dcalc_AFN_1vAdm82FdQA8VO_2poPi2g argv[10]=-verbose
++ 3dcalc: AFNI version=AFNI_22.1.06 (Apr 24 2022) [64-bit]
++ Authored by: A cast of thousands
++ Computing sub-brick 0
++ Scaling output to type byte brick(s)
++ Sub-brick 0: no scale factor
++ Computing output statistics
++ 107272 voxels in the entire dataset (no mask)
++ 1 voxels in the boxes and/or balls
++ Using only the boxes+balls mask
++ How many coors? 3
++ Will have the ref box central coors : SET_DICOM_XYZ 11.2517 22.01791 17.51286
++ Will have the ref box central gapord: 6 7 6

------------------- end of optionizing -------------------

 -- trying to start Xvfb :660 
[1] 40386
+/media/mcuser/Data2/desimone/ab4240_imaging/resting_state/data_proc/110004_02152017/proc_py/QC_110004_02152017/media/__tmp_chauf_bOoadfBbNLu++ Writing palette image to QC_110004_02152017/media/qc_00_vorig_EPI.pbar.jpg
++ Writing one 1928x276 image to filter '/home/mcuser/anaconda3/bin/cjpeg -quality 95 > QC_110004_02152017/media/qc_00_vorig_EPI.axi.jpg'
++ Writing one 1956x260 image to filter '/home/mcuser/anaconda3/bin/cjpeg -quality 95 > QC_110004_02152017/media/qc_00_vorig_EPI.sag.jpg'

AFNI QUITTs!

+++ Command Echo:
   afni -q -no1D -noplugins -no_detach -com SWITCH_UNDERLAY tmp_ulay.nii -com SWITCH_OVERLAY  tmp_olay.nii -com SEE_OVERLAY     + -com OPEN_WINDOW sagittalimage opacity=9 mont=7x1:6:1:black crop=0:0,0:0 -com OPEN_WINDOW coronalimage  opacity=9 mont=7x1:7:1:black crop=0:0,0:0 -com OPEN_WINDOW axialimage    opacity=9 mont=7x1:6:1:black crop=0:0,0:0 -com SET_PBAR_ALL    +99 1 gray_scale -com PBAR_SAVEIM QC_110004_02152017/media/qc_00_vorig_EPI.pbar.jpg dim=64x512H -com SET_SUBBRICKS   -1 -1 -1 -com SET_ULAY_RANGE A.all 0 1129.000000 -com SET_FUNC_RANGE  1129.000000 -com SET_THRESHNEW   0 * -com SET_FUNC_ALPHA  No -com SET_FUNC_BOXED  No -com SET_FUNC_RESAM  NN.NN -com SET_XHAIRS      OFF -com SET_XHAIR_GAP   -1 -com SET_DICOM_XYZ 11.2517 22.01791 17.51286 -com SAVE_JPEG axialimage    QC_110004_02152017/media/qc_00_vorig_EPI.axi blowup=4 -com SAVE_JPEG sagittalimage QC_110004_02152017/media/qc_00_vorig_EPI.sag blowup=4 -com QUITT QC_110004_02152017/media/__tmp_chauf_bOoadfBbNLu 


+* Removing temporary image directory 'QC_110004_02152017/media/__tmp_chauf_bOoadfBbNLu'.

[1]    Done                          Xvfb :660 -screen 0 1024x768x24

++ DONE (good exit)
   see: QC_110004_02152017/media/qc_00_vorig_EPI*

++ pbar name has known extension: jpg
++ My command:
   @chauffeur_afni -ulay 110004_02152017.T1_2+orig.HEAD -olay 110004_02152017.T1_2+orig.HEAD -ulay_range_nz 0 309.038971 -func_range 309.038971 -box_focus_slices AMASK_FOCUS_ULAY -cbar gray_scale -pbar_posonly -pbar_saveim QC_110004_02152017/media/qc_01_vorig_anat.pbar.jpg -pbar_comm_range 98%ile in vol -pbar_for dset -prefix QC_110004_02152017/media/qc_01_vorig_anat -save_ftype JPEG -blowup 4 -opacity 9 -montx 7 -monty 1 -montgap 1 -montcolor black -set_xhairs OFF -label_mode 1 -label_size 4 -no_cor -do_clean

++ Using AFNI ver : AFNI_22.1.06
++ chauffeur ver  : 6.31

------------------ start of optionizing ------------------

++ Found input file:   110004_02152017.T1_2+orig.HEAD
++ Found input file:   110004_02152017.T1_2+orig.HEAD
++ Using blowup factor: 4
++ Using opacity:  9
++ Making temporary work directory to copy vis files: QC_110004_02152017/media/__tmp_chauf_3R0lAr6QbIe
++ Converted 0 to labels
++ Final subbrick indices: -1 -1 -1
++ Copy ulay to visualize (volumetric) within user's range:
++ Ulay to be visualized within user range:
   [0, 309.038971]
++ 3dcalc: AFNI version=AFNI_22.1.06 (Apr 24 2022) [64-bit]
++ Authored by: A cast of thousands
++ Output dataset ./QC_110004_02152017/media/__tmp_chauf_3R0lAr6QbIe/tmp_ulay.nii
++ 3dcalc: AFNI version=AFNI_22.1.06 (Apr 24 2022) [64-bit]
++ Authored by: A cast of thousands
++ Output dataset ./QC_110004_02152017/media/__tmp_chauf_3R0lAr6QbIe/tmp_olay.nii
++ User-entered function range value value (309.038971)
++ Dimensions (xyzt): 271 181 271 1
++ (initial) Slice spacing ordered (x,y,z) is:  38 25 38
++ 3dAutomask: AFNI version=AFNI_22.1.06 (Apr 24 2022) [64-bit]
++ Authored by: Emperor Zhark
++ 3dAutobox: AFNI version=AFNI_22.1.06 (Apr 24 2022) [64-bit]
++ Auto bbox: x=65..208  y=5..161  z=71..212
++ 3dAutobox: output dataset = QC_110004_02152017/media/__tmp_chauf_3R0lAr6QbIe/ulay_box_0.nii
++ 3dmaskdump: AFNI version=AFNI_22.1.06 (Apr 24 2022) [64-bit]
++ Executing 3dcalc()
 argv[0]=3dcalc argv[1]=-a argv[2]=QC_110004_02152017/media/__tmp_chauf_3R0lAr6QbIe/ulay_box_0.nii[0] argv[3]=-expr argv[4]=a argv[5]=-byte argv[6]=-session argv[7]=/tmp argv[8]=-prefix argv[9]=3dcalc_AFN_VjQDEgEfcgHJwUPnR3_4IQ argv[10]=-verbose
++ 3dcalc: AFNI version=AFNI_22.1.06 (Apr 24 2022) [64-bit]
++ Authored by: A cast of thousands
++ Computing sub-brick 0
++ Scaling output to type byte brick(s)
++ Sub-brick 0: no scale factor
++ Computing output statistics
++ 3210336 voxels in the entire dataset (no mask)
++ 1 voxels in the boxes and/or balls
++ Using only the boxes+balls mask
++ How many coors? 3
++ Will have the ref box central coors : SET_DICOM_XYZ 7.33437 26.33972 22.13048
++ Will have the ref box central gapord: 20 22 20

------------------- end of optionizing -------------------

 -- trying to start Xvfb :967 
[1] 40669
+/media/mcuser/Data2/desimone/ab4240_imaging/resting_state/data_proc/110004_02152017/proc_py/QC_110004_02152017/media/__tmp_chauf_3R0lAr6QbIe++ Writing palette image to QC_110004_02152017/media/qc_01_vorig_anat.pbar.jpg
++ Writing one 7612x724 image to filter '/home/mcuser/anaconda3/bin/cjpeg -quality 95 > QC_110004_02152017/media/qc_01_vorig_anat.axi.jpg'
++ Writing one 5092x1084 image to filter '/home/mcuser/anaconda3/bin/cjpeg -quality 95 > QC_110004_02152017/media/qc_01_vorig_anat.sag.jpg'

AFNI QUITTs!

+++ Command Echo:
   afni -q -no1D -noplugins -no_detach -com SWITCH_UNDERLAY tmp_ulay.nii -com SWITCH_OVERLAY  tmp_olay.nii -com SEE_OVERLAY     + -com OPEN_WINDOW sagittalimage opacity=9 mont=7x1:20:1:black crop=0:0,0:0 -com OPEN_WINDOW coronalimage  opacity=9 mont=7x1:22:1:black crop=0:0,0:0 -com OPEN_WINDOW axialimage    opacity=9 mont=7x1:20:1:black crop=0:0,0:0 -com SET_PBAR_ALL    +99 1 gray_scale -com PBAR_SAVEIM QC_110004_02152017/media/qc_01_vorig_anat.pbar.jpg dim=64x512H -com SET_SUBBRICKS   -1 -1 -1 -com SET_ULAY_RANGE A.all 0 309.038971 -com SET_FUNC_RANGE  309.038971 -com SET_THRESHNEW   0 * -com SET_FUNC_ALPHA  No -com SET_FUNC_BOXED  No -com SET_FUNC_RESAM  NN.NN -com SET_XHAIRS      OFF -com SET_XHAIR_GAP   -1 -com SET_DICOM_XYZ 7.33437 26.33972 22.13048 -com SAVE_JPEG axialimage    QC_110004_02152017/media/qc_01_vorig_anat.axi blowup=4 -com SAVE_JPEG sagittalimage QC_110004_02152017/media/qc_01_vorig_anat.sag blowup=4 -com QUITT QC_110004_02152017/media/__tmp_chauf_3R0lAr6QbIe 


+* Removing temporary image directory 'QC_110004_02152017/media/__tmp_chauf_3R0lAr6QbIe'.

[1]  + Done                          Xvfb :967 -screen 0 1024x768x24

++ DONE (good exit)
   see: QC_110004_02152017/media/qc_01_vorig_anat*

++ Prepare for running @djunct_overlap_check (ver = 0.45)
++ Using refbox keyword AMASK_FOCUS_ULAY for box_focus_slices
++ 3dcalc: AFNI version=AFNI_22.1.06 (Apr 24 2022) [64-bit]
++ Authored by: A cast of thousands
++ Output dataset ./QC_110004_02152017/media/__workdir_olap_Rnzi2guxX3w/olapch_0_cp_ulay.nii
++ Just copy olay, bc ulay will get regridded
++ 3dcalc: AFNI version=AFNI_22.1.06 (Apr 24 2022) [64-bit]
++ Authored by: A cast of thousands
++ Output dataset ./QC_110004_02152017/media/__workdir_olap_Rnzi2guxX3w/olapch_1_cp_olay.nii
++ Quietly run: 3drefit -space ORIG olapch_0_cp_ulay.nii
++ olay_alpha has known value: No


++ My command:
   @chauffeur_afni -ulay olapch_0_cp_ulay.nii -box_focus_slices AMASK_FOCUS_ULAY -olay olapch_1_cp_olay.nii -ulay_range 0% 98% -func_range_perc_nz 98 -cbar Reds_and_Blues -pbar_posonly -set_subbricks 0 0 0 -olay_alpha No -olay_boxed No -opacity 4 -zerocolor black -prefix img00 -montx 7 -monty 1 -montgap 1 -montcolor black -save_ftype JPEG -set_xhairs OFF -label_mode 1 -label_size 4 -do_clean -no_cor -no_axi -pass -pass

++ Using AFNI ver : AFNI_22.1.06
++ chauffeur ver  : 6.31

------------------ start of optionizing ------------------

++ Found input file:   olapch_0_cp_ulay.nii
++ Found input file:   olapch_1_cp_olay.nii
++ Using blowup factor: 2
++ Using opacity:  4
++ Making temporary work directory to copy vis files: ./__tmp_chauf_Y90Ed1MPJTj
++ Converted 0 to labels
++ Final subbrick indices: 0 0 0
++ Copy ulay to visualize (volumetric) within user's range:
++ Ulay to be visualized within user range:
  [0%, 98%] -> [0.000000, 309.038971]
++ 3dcalc: AFNI version=AFNI_22.1.06 (Apr 24 2022) [64-bit]
++ Authored by: A cast of thousands
++ Output dataset ././__tmp_chauf_Y90Ed1MPJTj/tmp_ulay.nii
++ 3dcalc: AFNI version=AFNI_22.1.06 (Apr 24 2022) [64-bit]
++ Authored by: A cast of thousands
++ Output dataset ././__tmp_chauf_Y90Ed1MPJTj/tmp_olay.nii
++ For olay, the 98%ile value leads to
   --> upper range value: 1251.000000
++ Dimensions (xyzt): 271 181 271 1
++ (initial) Slice spacing ordered (x,y,z) is:  38 25 38
++ 3dAutomask: AFNI version=AFNI_22.1.06 (Apr 24 2022) [64-bit]
++ Authored by: Emperor Zhark
++ 3dAutobox: AFNI version=AFNI_22.1.06 (Apr 24 2022) [64-bit]
++ Auto bbox: x=65..208  y=5..161  z=71..212
++ 3dAutobox: output dataset = ./__tmp_chauf_Y90Ed1MPJTj/ulay_box_0.nii
++ 3dmaskdump: AFNI version=AFNI_22.1.06 (Apr 24 2022) [64-bit]
++ Executing 3dcalc()
 argv[0]=3dcalc argv[1]=-a argv[2]=./__tmp_chauf_Y90Ed1MPJTj/ulay_box_0.nii[0] argv[3]=-expr argv[4]=a argv[5]=-byte argv[6]=-session argv[7]=/tmp argv[8]=-prefix argv[9]=3dcalc_AFN_quozudjXItLejjOeWKQARQ argv[10]=-verbose
++ 3dcalc: AFNI version=AFNI_22.1.06 (Apr 24 2022) [64-bit]
++ Authored by: A cast of thousands
++ Computing sub-brick 0
++ Scaling output to type byte brick(s)
++ Sub-brick 0: no scale factor
++ Computing output statistics
++ 3210336 voxels in the entire dataset (no mask)
++ 1 voxels in the boxes and/or balls
++ Using only the boxes+balls mask
++ How many coors? 3
++ Will have the ref box central coors : SET_DICOM_XYZ 7.33437 26.33972 22.13048
++ Will have the ref box central gapord: 20 22 20

------------------- end of optionizing -------------------

 -- trying to start Xvfb :990 
[1] 303
+/media/mcuser/Data2/desimone/ab4240_imaging/resting_state/data_proc/110004_02152017/proc_py/QC_110004_02152017/media/__workdir_olap_Rnzi2guxX3w/__tmp_chauf_Y90Ed1MPJTj++ Writing one 2546x542 image to filter '/home/mcuser/anaconda3/bin/cjpeg -quality 95 > ./img00.sag.jpg'

AFNI QUITTs!

+++ Command Echo:
   afni -q -no1D -noplugins -no_detach -com SWITCH_UNDERLAY tmp_ulay.nii -com SWITCH_OVERLAY  tmp_olay.nii -com SEE_OVERLAY     + -com OPEN_WINDOW sagittalimage opacity=4 mont=7x1:20:1:black crop=0:0,0:0 -com OPEN_WINDOW coronalimage  opacity=4 mont=7x1:22:1:black crop=0:0,0:0 -com OPEN_WINDOW axialimage    opacity=4 mont=7x1:20:1:black crop=0:0,0:0 -com SET_PBAR_ALL    +99 1 Reds_and_Blues -com DO_NOTHING -com SET_SUBBRICKS   0 0 0 -com SET_ULAY_RANGE A.all 0.000000 309.038971 -com SET_FUNC_RANGE  1251.000000 -com SET_THRESHNEW   0 * -com SET_FUNC_ALPHA  No -com SET_FUNC_BOXED  No -com SET_FUNC_RESAM  NN.NN -com SET_XHAIRS      OFF -com SET_XHAIR_GAP   -1 -com SET_DICOM_XYZ 7.33437 26.33972 22.13048 -com SAVE_JPEG sagittalimage ./img00.sag blowup=2 -com QUITT ./__tmp_chauf_Y90Ed1MPJTj 


+* Removing temporary image directory './__tmp_chauf_Y90Ed1MPJTj'.

[1]  + Done                          Xvfb :990 -screen 0 1024x768x24

++ DONE (good exit)
   see: ./img00*

+++ Transforming all input to rgb for a good reason 
+++ Writing image to ../qc_02_vorig_olap.sag.jpg
+++ Arranging 1 images (each 2546x542) into a 1x1 matrix.
You can view image ../qc_02_vorig_olap.sag.jpg with:
 aiv ../qc_02_vorig_olap.sag.jpg 

+* Removing temporary workdir 'QC_110004_02152017/media/__workdir_olap_Rnzi2guxX3w*'


++ DONE! Image output:
       QC_110004_02152017/media/qc_02_vorig_olap.sag

++ Prepare for running @djunct_edgy_align_check (ver = 1.48)
++ Copy refbox (/home/mcuser/abin/MNI152_T1_2009c+tlrc) to workdir
++ 3dcalc: AFNI version=AFNI_22.1.06 (Apr 24 2022) [64-bit]
++ Authored by: A cast of thousands
++ Output dataset ./QC_110004_02152017/media/__workdir_EAC_PYfRw5ZROuf/REFBOX.nii
++ 3dcalc: AFNI version=AFNI_22.1.06 (Apr 24 2022) [64-bit]
++ Authored by: A cast of thousands
++ Output dataset ./QC_110004_02152017/media/__workdir_EAC_PYfRw5ZROuf/eac_0_cp.nii
++ 3dAllineate: AFNI version=AFNI_22.1.06 (Apr 24 2022) [64-bit]
++ Authored by: Zhark the Registrator
++ Source dataset: /media/mcuser/Data2/desimone/ab4240_imaging/resting_state/data_proc/110004_02152017/proc_py/QC_110004_02152017/media/__workdir_EAC_PYfRw5ZROuf/eac_0_cp.nii
++ Base dataset:   (not given)
++ Loading datasets into memory
 +        -cmass x y z shifts =    0.000    0.000    0.000
 +  shift search range is +/- =   60.669   72.225   60.669
++ OpenMP thread count = 15
++ ========== Applying transformation to 1 sub-bricks ==========
++ wsinc5 interpolation setup:
 +   taper function  = Min sidelobe 3 term
 +   taper cut point = 0.000
 +   window radius   = 5 voxels
 +   window shape    = Cubical
 +   The above can be altered via the AFNI_WSINC5_* environment variables.
 +  (To avoid this message, 'setenv AFNI_WSINC5_SILENT YES'.)
 +   wsinc5 CUBE(5) mask has 1000 points
++ Output dataset QC_110004_02152017/media/__workdir_EAC_PYfRw5ZROuf/eac_1_grid2olay.nii
++ 3dAllineate: total CPU time = 0.0 sec  Elapsed = 1.8
++ ###########################################################
++ Output dataset ./eac_2_ulay_shrp.nii
++ Just copy olay, bc ulay will get regridded
++ 3dcalc: AFNI version=AFNI_22.1.06 (Apr 24 2022) [64-bit]
++ Authored by: A cast of thousands
++ Output dataset ./QC_110004_02152017/media/__workdir_EAC_PYfRw5ZROuf/eac_3_cp.nii
++ 3dAutomask: AFNI version=AFNI_22.1.06 (Apr 24 2022) [64-bit]
++ Authored by: Emperor Zhark
++ Loading dataset eac_3_cp.nii
++ Forming automask
 + Fixed clip level = 135.215668
 + Used gradual clip level = 133.942810 .. 136.141205
 + Number voxels above clip level = 1759962
 + Clustering voxels ...
 + Largest cluster has 1755357 voxels
 + Clustering voxels ...
 + Largest cluster has 1720165 voxels
 + Filled 24104 voxels in small holes; now have 1744269 voxels
 + Filled 135864 voxels in large holes; now have 1880133 voxels
 + Clustering voxels ...
 + Largest cluster has 1880121 voxels
 + Clustering non-brain voxels ...
 + Clustering voxels ...
 + Largest cluster has 6648630 voxels
 + Mask now has 1881391 voxels
++ 1881391 voxels in the mask [out of 8530021: 22.06%]
++ first  24 x-planes are zero [from L]
++ last   23 x-planes are zero [from R]
++ first  23 y-planes are zero [from P]
++ last   23 y-planes are zero [from A]
++ first   6 z-planes are zero [from I]
++ last   26 z-planes are zero [from S]
++ Output dataset ./eac_4_mask.nii
++ CPU time = 0.000000 sec
++ 3dMedianFilter: AFNI version=AFNI_22.1.06 (Apr 24 2022) [64-bit]
++ Output dataset ./eac_5_mfilt.nii
++ 3dedge3: AFNI version=AFNI_22.1.06 (Apr 24 2022) [64-bit]
++ olay_alpha has known value: No

++ My command:
   @chauffeur_afni -ulay eac_2_ulay_shrp.nii -box_focus_slices REFBOX.nii -olay eac_6_edgy.nii -ulay_range_nz 2% 98% -func_range_perc_nz 33 -cbar Reds_and_Blues_Inv -set_subbricks 0 0 0 -olay_alpha No -olay_boxed No -thr_olay 7.050753 -opacity 9 -prefix ../qc_03_ve2a_epi2anat -montx 7 -monty 1 -montgap 1 -montcolor black -save_ftype JPEG -set_xhairs OFF -label_mode 1 -label_size 4 -do_clean -no_cor -pass

++ Using AFNI ver : AFNI_22.1.06
++ chauffeur ver  : 6.31

------------------ start of optionizing ------------------

++ Found input file:   eac_2_ulay_shrp.nii
++ Found input file:   eac_6_edgy.nii
++ Found focus refbox file:   REFBOX.nii
++ Using blowup factor: 2
++ Using opacity:  9
++ Making temporary work directory to copy vis files: ../__tmp_chauf_yHMvvNpN6az
++ Converted 0 to labels
++ Final subbrick indices: 0 0 0
++ Copy ulay to visualize (volumetric) within user's range:
++ Ulay to be visualized within user range:
  [2%, 98%] -> [-0.000121, 1233.626953]
++ 3dcalc: AFNI version=AFNI_22.1.06 (Apr 24 2022) [64-bit]
++ Authored by: A cast of thousands
++ Output dataset ./../__tmp_chauf_yHMvvNpN6az/tmp_ulay.nii
++ 3dcalc: AFNI version=AFNI_22.1.06 (Apr 24 2022) [64-bit]
++ Authored by: A cast of thousands
++ Output dataset ./../__tmp_chauf_yHMvvNpN6az/tmp_olay.nii
++ For olay, the 33%ile value leads to
   --> upper range value: 73.585693
++ Dimensions (xyzt): 193 229 193 1
++ (initial) Slice spacing ordered (x,y,z) is:  27 32 27
++ 3dAutobox: AFNI version=AFNI_22.1.06 (Apr 24 2022) [64-bit]
++ Auto bbox: x=24..168  y=24..205  z=6..160
++ 3dAutobox: output dataset = ../__tmp_chauf_yHMvvNpN6az/ulay_box_0.nii
++ 3dmaskdump: AFNI version=AFNI_22.1.06 (Apr 24 2022) [64-bit]
++ Executing 3dcalc()
 argv[0]=3dcalc argv[1]=-a argv[2]=../__tmp_chauf_yHMvvNpN6az/ulay_box_0.nii[0] argv[3]=-expr argv[4]=a argv[5]=-byte argv[6]=-session argv[7]=/tmp argv[8]=-prefix argv[9]=3dcalc_AFN_t2sFPxtDypopbxMkOo_sKw argv[10]=-verbose
++ 3dcalc: AFNI version=AFNI_22.1.06 (Apr 24 2022) [64-bit]
++ Authored by: A cast of thousands
++ Computing sub-brick 0
++ Scaling output to type byte brick(s)
++ Sub-brick 0: no scale factor
++ Computing output statistics
++ Output dataset /tmp/3dcalc_AFN_t2sFPxtDypopbxMkOo_sKw+tlrc.BRIK
++ 4090450 voxels in the entire dataset (no mask)
++ 1 voxels in the boxes and/or balls
++ Using only the boxes+balls mask
++ How many coors? 3
++ Will have the ref box central coors : SET_DICOM_XYZ 1 18 5
++ Will have the ref box central gapord: 20 26 22

------------------- end of optionizing -------------------

 -- trying to start Xvfb :624 
[1] 661
+/media/mcuser/Data2/desimone/ab4240_imaging/resting_state/data_proc/110004_02152017/proc_py/QC_110004_02152017/media/__tmp_chauf_yHMvvNpN6az++ Writing one 2714x458 image to filter '/home/mcuser/anaconda3/bin/cjpeg -quality 95 > ../qc_03_ve2a_epi2anat.axi.jpg'
++ Writing one 3218x386 image to filter '/home/mcuser/anaconda3/bin/cjpeg -quality 95 > ../qc_03_ve2a_epi2anat.sag.jpg'

AFNI QUITTs!

+++ Command Echo:
   afni -q -no1D -noplugins -no_detach -com SWITCH_UNDERLAY tmp_ulay.nii -com SWITCH_OVERLAY  tmp_olay.nii -com SEE_OVERLAY     + -com OPEN_WINDOW sagittalimage opacity=9 mont=7x1:20:1:black crop=0:0,0:0 -com OPEN_WINDOW coronalimage  opacity=9 mont=7x1:26:1:black crop=0:0,0:0 -com OPEN_WINDOW axialimage    opacity=9 mont=7x1:22:1:black crop=0:0,0:0 -com SET_PBAR_ALL    -99 1 Reds_and_Blues_Inv -com DO_NOTHING -com SET_SUBBRICKS   0 0 0 -com SET_ULAY_RANGE A.all -0.000121 1233.626953 -com SET_FUNC_RANGE  73.585693 -com SET_THRESHNEW   7.050753 * -com SET_FUNC_ALPHA  No -com SET_FUNC_BOXED  No -com SET_FUNC_RESAM  NN.NN -com SET_XHAIRS      OFF -com SET_XHAIR_GAP   -1 -com SET_DICOM_XYZ 1 18 5 -com SAVE_JPEG axialimage    ../qc_03_ve2a_epi2anat.axi blowup=2 -com SAVE_JPEG sagittalimage ../qc_03_ve2a_epi2anat.sag blowup=2 -com QUITT ../__tmp_chauf_yHMvvNpN6az 


+* Removing temporary image directory '../__tmp_chauf_yHMvvNpN6az'.

[1]  + Done                          Xvfb :624 -screen 0 1024x768x24

++ DONE (good exit)
   see: ../qc_03_ve2a_epi2anat*


+* Removing temporary workdir 'QC_110004_02152017/media/__workdir_EAC_PYfRw5ZROuf*'


++ DONE! Image output:
       QC_110004_02152017/media/qc_03_ve2a_epi2anat

++ Prepare for running @djunct_edgy_align_check (ver = 1.48)
++ Copy refbox (/home/mcuser/abin/MNI152_T1_2009c+tlrc) to workdir
++ 3dcalc: AFNI version=AFNI_22.1.06 (Apr 24 2022) [64-bit]
++ Authored by: A cast of thousands
++ Output dataset ./QC_110004_02152017/media/__workdir_EAC_QCAPbmCgV16/REFBOX.nii
++ 3dcalc: AFNI version=AFNI_22.1.06 (Apr 24 2022) [64-bit]
++ Authored by: A cast of thousands
++ Output dataset ./QC_110004_02152017/media/__workdir_EAC_QCAPbmCgV16/eac_0_cp.nii
++ Output dataset ./eac_1_ulay_shrp.nii
++ 3dAllineate: AFNI version=AFNI_22.1.06 (Apr 24 2022) [64-bit]
++ Authored by: Zhark the Registrator
++ Source dataset: /home/mcuser/abin/MNI152_T1_2009c+tlrc.HEAD
++ Base dataset:   (not given)
++ Loading datasets into memory
 +        -cmass x y z shifts =    0.000    0.000    0.000
 +  shift search range is +/- =   61.632   73.188   61.632
++ OpenMP thread count = 15
++ ========== Applying transformation to 1 sub-bricks ==========
++ Output dataset QC_110004_02152017/media/__workdir_EAC_QCAPbmCgV16/eac_2_res.nii
++ 3dAllineate: total CPU time = 0.0 sec  Elapsed = 0.6
++ ###########################################################
++ 3dAutomask: AFNI version=AFNI_22.1.06 (Apr 24 2022) [64-bit]
++ Authored by: Emperor Zhark
++ Loading dataset eac_2_res.nii
++ Forming automask
 + Fixed clip level = 95.497498
 + Used gradual clip level = 92.003990 .. 97.512001
 + Number voxels above clip level = 1829570
 + Clustering voxels ...
 + Largest cluster has 1829563 voxels
 + Clustering voxels ...
 + Largest cluster has 1828476 voxels
 + Filled  7454 voxels in small holes; now have 1835930 voxels
 + Filled 37561 voxels in large holes; now have 1873491 voxels
 + Clustering voxels ...
 + Largest cluster has 1873479 voxels
 + Clustering non-brain voxels ...
 + Clustering voxels ...
 + Largest cluster has 6655966 voxels
 + Mask now has 1874055 voxels
++ 1874055 voxels in the mask [out of 8530021: 21.97%]
++ first  24 x-planes are zero [from L]
++ last   24 x-planes are zero [from R]
++ first  25 y-planes are zero [from P]
++ last   23 y-planes are zero [from A]
++ first   6 z-planes are zero [from I]
++ last   32 z-planes are zero [from S]
++ Output dataset ./eac_3_mask.nii
++ CPU time = 0.000000 sec
++ 3dMedianFilter: AFNI version=AFNI_22.1.06 (Apr 24 2022) [64-bit]
++ Output dataset ./eac_4_mfilt.nii
++ 3dedge3: AFNI version=AFNI_22.1.06 (Apr 24 2022) [64-bit]
++ olay_alpha has known value: No

++ My command:
   @chauffeur_afni -ulay eac_1_ulay_shrp.nii -box_focus_slices REFBOX.nii -olay eac_5_edgy.nii -ulay_range 0% 120% -func_range_perc_nz 33 -cbar Reds_and_Blues_Inv -set_subbricks 0 0 0 -olay_alpha No -olay_boxed No -thr_olay 3.245882 -opacity 9 -prefix ../qc_04_va2t_anat2temp -montx 7 -monty 1 -montgap 1 -montcolor black -save_ftype JPEG -set_xhairs OFF -label_mode 1 -label_size 4 -do_clean -no_cor -pass

++ Using AFNI ver : AFNI_22.1.06
++ chauffeur ver  : 6.31

------------------ start of optionizing ------------------

++ Found input file:   eac_1_ulay_shrp.nii
++ Found input file:   eac_5_edgy.nii
++ Found focus refbox file:   REFBOX.nii
++ Using blowup factor: 2
++ Using opacity:  9
++ Making temporary work directory to copy vis files: ../__tmp_chauf_F0991UFtn8T
++ Converted 0 to labels
++ Final subbrick indices: 0 0 0
++ Copy ulay to visualize (volumetric) within user's range:
++ Ulay range calc for >100%ile ulay max:
   calculating 98%ile value, and then
   multiplying it by a scale factor = 1.22448,
   in order to produce the 98%ile value
++ Ulay to be visualized within user range:
  [0%, 120%] -> [0.000000, 406.119299]
++ 3dcalc: AFNI version=AFNI_22.1.06 (Apr 24 2022) [64-bit]
++ Authored by: A cast of thousands
++ Output dataset ./../__tmp_chauf_F0991UFtn8T/tmp_ulay.nii
++ 3dcalc: AFNI version=AFNI_22.1.06 (Apr 24 2022) [64-bit]
++ Authored by: A cast of thousands
++ Output dataset ./../__tmp_chauf_F0991UFtn8T/tmp_olay.nii
++ For olay, the 33%ile value leads to
   --> upper range value: 41.886559
++ Dimensions (xyzt): 193 229 193 1
++ (initial) Slice spacing ordered (x,y,z) is:  27 32 27
++ 3dAutobox: AFNI version=AFNI_22.1.06 (Apr 24 2022) [64-bit]
++ Auto bbox: x=24..168  y=24..205  z=6..160
++ 3dAutobox: output dataset = ../__tmp_chauf_F0991UFtn8T/ulay_box_0.nii
++ 3dmaskdump: AFNI version=AFNI_22.1.06 (Apr 24 2022) [64-bit]
++ Executing 3dcalc()
 argv[0]=3dcalc argv[1]=-a argv[2]=../__tmp_chauf_F0991UFtn8T/ulay_box_0.nii[0] argv[3]=-expr argv[4]=a argv[5]=-byte argv[6]=-session argv[7]=/tmp argv[8]=-prefix argv[9]=3dcalc_AFN_rzosBAVlCg0la_wszi2RZA argv[10]=-verbose
++ 3dcalc: AFNI version=AFNI_22.1.06 (Apr 24 2022) [64-bit]
++ Authored by: A cast of thousands
++ Computing sub-brick 0
++ Scaling output to type byte brick(s)
++ Sub-brick 0: no scale factor
++ Computing output statistics
++ Output dataset /tmp/3dcalc_AFN_rzosBAVlCg0la_wszi2RZA+tlrc.BRIK
++ 4090450 voxels in the entire dataset (no mask)
++ 1 voxels in the boxes and/or balls
++ Using only the boxes+balls mask
++ How many coors? 3
++ Will have the ref box central coors : SET_DICOM_XYZ 1 18 5
++ Will have the ref box central gapord: 20 26 22

------------------- end of optionizing -------------------

 -- trying to start Xvfb :639 
[1] 993
+/media/mcuser/Data2/desimone/ab4240_imaging/resting_state/data_proc/110004_02152017/proc_py/QC_110004_02152017/media/__tmp_chauf_F0991UFtn8T++ Writing one 2714x458 image to filter '/home/mcuser/anaconda3/bin/cjpeg -quality 95 > ../qc_04_va2t_anat2temp.axi.jpg'
++ Writing one 3218x386 image to filter '/home/mcuser/anaconda3/bin/cjpeg -quality 95 > ../qc_04_va2t_anat2temp.sag.jpg'

AFNI QUITTs!

+++ Command Echo:
   afni -q -no1D -noplugins -no_detach -com SWITCH_UNDERLAY tmp_ulay.nii -com SWITCH_OVERLAY  tmp_olay.nii -com SEE_OVERLAY     + -com OPEN_WINDOW sagittalimage opacity=9 mont=7x1:20:1:black crop=0:0,0:0 -com OPEN_WINDOW coronalimage  opacity=9 mont=7x1:26:1:black crop=0:0,0:0 -com OPEN_WINDOW axialimage    opacity=9 mont=7x1:22:1:black crop=0:0,0:0 -com SET_PBAR_ALL    -99 1 Reds_and_Blues_Inv -com DO_NOTHING -com SET_SUBBRICKS   0 0 0 -com SET_ULAY_RANGE A.all 0.000000 406.119299 -com SET_FUNC_RANGE  41.886559 -com SET_THRESHNEW   3.245882 * -com SET_FUNC_ALPHA  No -com SET_FUNC_BOXED  No -com SET_FUNC_RESAM  NN.NN -com SET_XHAIRS      OFF -com SET_XHAIR_GAP   -1 -com SET_DICOM_XYZ 1 18 5 -com SAVE_JPEG axialimage    ../qc_04_va2t_anat2temp.axi blowup=2 -com SAVE_JPEG sagittalimage ../qc_04_va2t_anat2temp.sag blowup=2 -com QUITT ../__tmp_chauf_F0991UFtn8T 


+* Removing temporary image directory '../__tmp_chauf_F0991UFtn8T'.

[1]  + Done                          Xvfb :639 -screen 0 1024x768x24

++ DONE (good exit)
   see: ../qc_04_va2t_anat2temp*


+* Removing temporary workdir 'QC_110004_02152017/media/__workdir_EAC_QCAPbmCgV16*'


++ DONE! Image output:
       QC_110004_02152017/media/qc_04_va2t_anat2temp

++ 3dmaskave: AFNI version=AFNI_22.1.06 (Apr 24 2022) [64-bit]
+++ 311296 voxels in the entire dataset (no mask)
++ 29 voxels in the boxes+balls
++ 29 voxels in the mask INTERSECT boxes+balls
++ 3dTcorr1D: AFNI version=AFNI_22.1.06 (Apr 24 2022) [64-bit]
 + reading dataset file errts.110004_02152017_REML+tlrc.HEAD
 + reading 1D file _tmp_ave_ts.txt
 + loading dataset ./errts.110004_02152017_REML+tlrc.BRIK into memory
++ Start correlations: 311296 voxels X 1 time series(197); 1 threads
[7m*+ WARNING:[0m THD_Tcorr1D: 13453 voxels skipped because were constant in time
++ Wrote dataset: ./_tmp_corr_vol.nii
++ olay_alpha has known value: Yes
++ pbar name has known extension: jpg
++ My command:
   @chauffeur_afni -ulay /home/mcuser/abin/MNI152_T1_2009c+tlrc -box_focus_slices /home/mcuser/abin/MNI152_T1_2009c+tlrc -olay _tmp_corr_vol.nii -cbar Reds_and_Blues_Inv -ulay_range 0% 120% -func_range 0.6 -thr_olay 0.3 -olay_alpha Yes -olay_boxed Yes -set_subbricks 0 0 0 -opacity 9 -pbar_saveim QC_110004_02152017/media/qc_05_vstat_seed_lh-PCC.pbar.jpg -pbar_comm_range Pearson r -pbar_comm_thr alpha+boxed on -prefix QC_110004_02152017/media/qc_05_vstat_seed_lh-PCC -save_ftype JPEG -montx 7 -monty 1 -montgap 1 -montcolor black -set_xhairs OFF -label_mode 1 -label_size 4 -no_cor -do_clean

++ Using AFNI ver : AFNI_22.1.06
++ chauffeur ver  : 6.31

------------------ start of optionizing ------------------

++ Found input file:   /home/mcuser/abin/MNI152_T1_2009c+tlrc
++ Found input file:   _tmp_corr_vol.nii
++ Found focus refbox file:   /home/mcuser/abin/MNI152_T1_2009c+tlrc
++ Using blowup factor: 2
++ Using opacity:  9
++ Making temporary work directory to copy vis files: QC_110004_02152017/media/__tmp_chauf_oqGu1Yn2VqG
++ Converted 0 to labels
++ Final subbrick indices: 0 0 0
++ Copy ulay to visualize (volumetric) within user's range:
++ Ulay range calc for >100%ile ulay max:
   calculating 98%ile value, and then
   multiplying it by a scale factor = 1.22448,
   in order to produce the 98%ile value
++ Ulay to be visualized within user range:
  [0%, 120%] -> [0.000000, 280.405920]
++ 3dcalc: AFNI version=AFNI_22.1.06 (Apr 24 2022) [64-bit]
++ Authored by: A cast of thousands
++ Output dataset ./QC_110004_02152017/media/__tmp_chauf_oqGu1Yn2VqG/tmp_ulay.nii
++ 3dcalc: AFNI version=AFNI_22.1.06 (Apr 24 2022) [64-bit]
++ Authored by: A cast of thousands
++ Output dataset ./QC_110004_02152017/media/__tmp_chauf_oqGu1Yn2VqG/tmp_olay.nii
++ User-entered function range value value (0.6)
++ Dimensions (xyzt): 193 229 193 1
++ (initial) Slice spacing ordered (x,y,z) is:  27 32 27
++ 3dAutobox: AFNI version=AFNI_22.1.06 (Apr 24 2022) [64-bit]
++ Auto bbox: x=24..168  y=24..205  z=6..160
++ 3dAutobox: output dataset = QC_110004_02152017/media/__tmp_chauf_oqGu1Yn2VqG/ulay_box_0.nii
++ 3dmaskdump: AFNI version=AFNI_22.1.06 (Apr 24 2022) [64-bit]
++ Executing 3dcalc()
 argv[0]=3dcalc argv[1]=-a argv[2]=QC_110004_02152017/media/__tmp_chauf_oqGu1Yn2VqG/ulay_box_0.nii[0] argv[3]=-expr argv[4]=a argv[5]=-byte argv[6]=-session argv[7]=/tmp argv[8]=-prefix argv[9]=3dcalc_AFN_rHb8iYZ1WwkuJR5-ANTfCg argv[10]=-verbose
++ 3dcalc: AFNI version=AFNI_22.1.06 (Apr 24 2022) [64-bit]
++ Authored by: A cast of thousands
++ Computing sub-brick 0
++ Scaling output to type byte brick(s)
++ Sub-brick 0: no scale factor
++ Computing output statistics
++ Output dataset /tmp/3dcalc_AFN_rHb8iYZ1WwkuJR5-ANTfCg+tlrc.BRIK
++ 4090450 voxels in the entire dataset (no mask)
++ 1 voxels in the boxes and/or balls
++ Using only the boxes+balls mask
++ How many coors? 3
++ Will have the ref box central coors : SET_DICOM_XYZ 1 18 5
++ Will have the ref box central gapord: 20 26 22

------------------- end of optionizing -------------------

 -- trying to start Xvfb :641 
[1] 1265
+/media/mcuser/Data2/desimone/ab4240_imaging/resting_state/data_proc/110004_02152017/proc_py/QC_110004_02152017/media/__tmp_chauf_oqGu1Yn2VqG++ Writing palette image to QC_110004_02152017/media/qc_05_vstat_seed_lh-PCC.pbar.jpg
++ Writing one 2714x458 image to filter '/home/mcuser/anaconda3/bin/cjpeg -quality 95 > QC_110004_02152017/media/qc_05_vstat_seed_lh-PCC.axi.jpg'
++ Writing one 3218x386 image to filter '/home/mcuser/anaconda3/bin/cjpeg -quality 95 > QC_110004_02152017/media/qc_05_vstat_seed_lh-PCC.sag.jpg'

AFNI QUITTs!

+++ Command Echo:
   afni -q -no1D -noplugins -no_detach -com SWITCH_UNDERLAY tmp_ulay.nii -com SWITCH_OVERLAY  tmp_olay.nii -com SEE_OVERLAY     + -com OPEN_WINDOW sagittalimage opacity=9 mont=7x1:20:1:black crop=0:0,0:0 -com OPEN_WINDOW coronalimage  opacity=9 mont=7x1:26:1:black crop=0:0,0:0 -com OPEN_WINDOW axialimage    opacity=9 mont=7x1:22:1:black crop=0:0,0:0 -com SET_PBAR_ALL    -99 1 Reds_and_Blues_Inv -com PBAR_SAVEIM QC_110004_02152017/media/qc_05_vstat_seed_lh-PCC.pbar.jpg dim=64x512H -com SET_SUBBRICKS   0 0 0 -com SET_ULAY_RANGE A.all 0.000000 280.405920 -com SET_FUNC_RANGE  0.6 -com SET_THRESHNEW   0.3 * -com SET_FUNC_ALPHA  Yes -com SET_FUNC_BOXED  Yes -com SET_FUNC_RESAM  NN.NN -com SET_XHAIRS      OFF -com SET_XHAIR_GAP   -1 -com SET_DICOM_XYZ 1 18 5 -com SAVE_JPEG axialimage    QC_110004_02152017/media/qc_05_vstat_seed_lh-PCC.axi blowup=2 -com SAVE_JPEG sagittalimage QC_110004_02152017/media/qc_05_vstat_seed_lh-PCC.sag blowup=2 -com QUITT QC_110004_02152017/media/__tmp_chauf_oqGu1Yn2VqG 


+* Removing temporary image directory 'QC_110004_02152017/media/__tmp_chauf_oqGu1Yn2VqG'.

[1]    Done                          Xvfb :641 -screen 0 1024x768x24

++ DONE (good exit)
   see: QC_110004_02152017/media/qc_05_vstat_seed_lh-PCC*

++ 3dmaskave: AFNI version=AFNI_22.1.06 (Apr 24 2022) [64-bit]
+++ 311296 voxels in the entire dataset (no mask)
++ 34 voxels in the boxes+balls
++ 34 voxels in the mask INTERSECT boxes+balls
++ 3dTcorr1D: AFNI version=AFNI_22.1.06 (Apr 24 2022) [64-bit]
 + reading dataset file errts.110004_02152017_REML+tlrc.HEAD
 + reading 1D file _tmp_ave_ts.txt
 + loading dataset ./errts.110004_02152017_REML+tlrc.BRIK into memory
++ Start correlations: 311296 voxels X 1 time series(197); 1 threads
[7m*+ WARNING:[0m THD_Tcorr1D: 13453 voxels skipped because were constant in time
++ Wrote dataset: ./_tmp_corr_vol.nii
++ olay_alpha has known value: Yes
++ pbar name has known extension: jpg
++ My command:
   @chauffeur_afni -ulay /home/mcuser/abin/MNI152_T1_2009c+tlrc -box_focus_slices /home/mcuser/abin/MNI152_T1_2009c+tlrc -olay _tmp_corr_vol.nii -cbar Reds_and_Blues_Inv -ulay_range 0% 120% -func_range 0.6 -thr_olay 0.3 -olay_alpha Yes -olay_boxed Yes -set_subbricks 0 0 0 -opacity 9 -pbar_saveim QC_110004_02152017/media/qc_06_vstat_seed_rh-cort-vis.pbar.jpg -pbar_comm_range Pearson r -pbar_comm_thr alpha+boxed on -prefix QC_110004_02152017/media/qc_06_vstat_seed_rh-cort-vis -save_ftype JPEG -montx 7 -monty 1 -montgap 1 -montcolor black -set_xhairs OFF -label_mode 1 -label_size 4 -no_cor -do_clean

++ Using AFNI ver : AFNI_22.1.06
++ chauffeur ver  : 6.31

------------------ start of optionizing ------------------

++ Found input file:   /home/mcuser/abin/MNI152_T1_2009c+tlrc
++ Found input file:   _tmp_corr_vol.nii
++ Found focus refbox file:   /home/mcuser/abin/MNI152_T1_2009c+tlrc
++ Using blowup factor: 2
++ Using opacity:  9
++ Making temporary work directory to copy vis files: QC_110004_02152017/media/__tmp_chauf_CGXKJhMGQc2
++ Converted 0 to labels
++ Final subbrick indices: 0 0 0
++ Copy ulay to visualize (volumetric) within user's range:
++ Ulay range calc for >100%ile ulay max:
   calculating 98%ile value, and then
   multiplying it by a scale factor = 1.22448,
   in order to produce the 98%ile value
++ Ulay to be visualized within user range:
  [0%, 120%] -> [0.000000, 280.405920]
++ 3dcalc: AFNI version=AFNI_22.1.06 (Apr 24 2022) [64-bit]
++ Authored by: A cast of thousands
++ Output dataset ./QC_110004_02152017/media/__tmp_chauf_CGXKJhMGQc2/tmp_ulay.nii
++ 3dcalc: AFNI version=AFNI_22.1.06 (Apr 24 2022) [64-bit]
++ Authored by: A cast of thousands
++ Output dataset ./QC_110004_02152017/media/__tmp_chauf_CGXKJhMGQc2/tmp_olay.nii
++ User-entered function range value value (0.6)
++ Dimensions (xyzt): 193 229 193 1
++ (initial) Slice spacing ordered (x,y,z) is:  27 32 27
++ 3dAutobox: AFNI version=AFNI_22.1.06 (Apr 24 2022) [64-bit]
++ Auto bbox: x=24..168  y=24..205  z=6..160
++ 3dAutobox: output dataset = QC_110004_02152017/media/__tmp_chauf_CGXKJhMGQc2/ulay_box_0.nii
++ 3dmaskdump: AFNI version=AFNI_22.1.06 (Apr 24 2022) [64-bit]
++ Executing 3dcalc()
 argv[0]=3dcalc argv[1]=-a argv[2]=QC_110004_02152017/media/__tmp_chauf_CGXKJhMGQc2/ulay_box_0.nii[0] argv[3]=-expr argv[4]=a argv[5]=-byte argv[6]=-session argv[7]=/tmp argv[8]=-prefix argv[9]=3dcalc_AFN_EL2J15bxbrt8tq8xV2Lkuw argv[10]=-verbose
++ 3dcalc: AFNI version=AFNI_22.1.06 (Apr 24 2022) [64-bit]
++ Authored by: A cast of thousands
++ Computing sub-brick 0
++ Scaling output to type byte brick(s)
++ Sub-brick 0: no scale factor
++ Computing output statistics
++ Output dataset /tmp/3dcalc_AFN_EL2J15bxbrt8tq8xV2Lkuw+tlrc.BRIK
++ 4090450 voxels in the entire dataset (no mask)
++ 1 voxels in the boxes and/or balls
++ Using only the boxes+balls mask
++ How many coors? 3
++ Will have the ref box central coors : SET_DICOM_XYZ 1 18 5
++ Will have the ref box central gapord: 20 26 22

------------------- end of optionizing -------------------

 -- trying to start Xvfb :106 
[1] 1702
+/media/mcuser/Data2/desimone/ab4240_imaging/resting_state/data_proc/110004_02152017/proc_py/QC_110004_02152017/media/__tmp_chauf_CGXKJhMGQc2++ Writing palette image to QC_110004_02152017/media/qc_06_vstat_seed_rh-cort-vis.pbar.jpg
++ Writing one 2714x458 image to filter '/home/mcuser/anaconda3/bin/cjpeg -quality 95 > QC_110004_02152017/media/qc_06_vstat_seed_rh-cort-vis.axi.jpg'
++ Writing one 3218x386 image to filter '/home/mcuser/anaconda3/bin/cjpeg -quality 95 > QC_110004_02152017/media/qc_06_vstat_seed_rh-cort-vis.sag.jpg'

AFNI QUITTs!

+++ Command Echo:
   afni -q -no1D -noplugins -no_detach -com SWITCH_UNDERLAY tmp_ulay.nii -com SWITCH_OVERLAY  tmp_olay.nii -com SEE_OVERLAY     + -com OPEN_WINDOW sagittalimage opacity=9 mont=7x1:20:1:black crop=0:0,0:0 -com OPEN_WINDOW coronalimage  opacity=9 mont=7x1:26:1:black crop=0:0,0:0 -com OPEN_WINDOW axialimage    opacity=9 mont=7x1:22:1:black crop=0:0,0:0 -com SET_PBAR_ALL    -99 1 Reds_and_Blues_Inv -com PBAR_SAVEIM QC_110004_02152017/media/qc_06_vstat_seed_rh-cort-vis.pbar.jpg dim=64x512H -com SET_SUBBRICKS   0 0 0 -com SET_ULAY_RANGE A.all 0.000000 280.405920 -com SET_FUNC_RANGE  0.6 -com SET_THRESHNEW   0.3 * -com SET_FUNC_ALPHA  Yes -com SET_FUNC_BOXED  Yes -com SET_FUNC_RESAM  NN.NN -com SET_XHAIRS      OFF -com SET_XHAIR_GAP   -1 -com SET_DICOM_XYZ 1 18 5 -com SAVE_JPEG axialimage    QC_110004_02152017/media/qc_06_vstat_seed_rh-cort-vis.axi blowup=2 -com SAVE_JPEG sagittalimage QC_110004_02152017/media/qc_06_vstat_seed_rh-cort-vis.sag blowup=2 -com QUITT QC_110004_02152017/media/__tmp_chauf_CGXKJhMGQc2 


+* Removing temporary image directory 'QC_110004_02152017/media/__tmp_chauf_CGXKJhMGQc2'.

[1]    Done                          Xvfb :106 -screen 0 1024x768x24

++ DONE (good exit)
   see: QC_110004_02152017/media/qc_06_vstat_seed_rh-cort-vis*

++ 3dmaskave: AFNI version=AFNI_22.1.06 (Apr 24 2022) [64-bit]
+++ 311296 voxels in the entire dataset (no mask)
++ 34 voxels in the boxes+balls
++ 34 voxels in the mask INTERSECT boxes+balls
++ 3dTcorr1D: AFNI version=AFNI_22.1.06 (Apr 24 2022) [64-bit]
 + reading dataset file errts.110004_02152017_REML+tlrc.HEAD
 + reading 1D file _tmp_ave_ts.txt
 + loading dataset ./errts.110004_02152017_REML+tlrc.BRIK into memory
++ Start correlations: 311296 voxels X 1 time series(197); 1 threads
[7m*+ WARNING:[0m THD_Tcorr1D: 13453 voxels skipped because were constant in time
++ Wrote dataset: ./_tmp_corr_vol.nii
++ olay_alpha has known value: Yes
++ pbar name has known extension: jpg
++ My command:
   @chauffeur_afni -ulay /home/mcuser/abin/MNI152_T1_2009c+tlrc -box_focus_slices /home/mcuser/abin/MNI152_T1_2009c+tlrc -olay _tmp_corr_vol.nii -cbar Reds_and_Blues_Inv -ulay_range 0% 120% -func_range 0.6 -thr_olay 0.3 -olay_alpha Yes -olay_boxed Yes -set_subbricks 0 0 0 -opacity 9 -pbar_saveim QC_110004_02152017/media/qc_07_vstat_seed_lh-cort-aud.pbar.jpg -pbar_comm_range Pearson r -pbar_comm_thr alpha+boxed on -prefix QC_110004_02152017/media/qc_07_vstat_seed_lh-cort-aud -save_ftype JPEG -montx 7 -monty 1 -montgap 1 -montcolor black -set_xhairs OFF -label_mode 1 -label_size 4 -no_cor -do_clean

++ Using AFNI ver : AFNI_22.1.06
++ chauffeur ver  : 6.31

------------------ start of optionizing ------------------

++ Found input file:   /home/mcuser/abin/MNI152_T1_2009c+tlrc
++ Found input file:   _tmp_corr_vol.nii
++ Found focus refbox file:   /home/mcuser/abin/MNI152_T1_2009c+tlrc
++ Using blowup factor: 2
++ Using opacity:  9
++ Making temporary work directory to copy vis files: QC_110004_02152017/media/__tmp_chauf_6LMMpfv8pro
++ Converted 0 to labels
++ Final subbrick indices: 0 0 0
++ Copy ulay to visualize (volumetric) within user's range:
++ Ulay range calc for >100%ile ulay max:
   calculating 98%ile value, and then
   multiplying it by a scale factor = 1.22448,
   in order to produce the 98%ile value
++ Ulay to be visualized within user range:
  [0%, 120%] -> [0.000000, 280.405920]
++ 3dcalc: AFNI version=AFNI_22.1.06 (Apr 24 2022) [64-bit]
++ Authored by: A cast of thousands
++ Output dataset ./QC_110004_02152017/media/__tmp_chauf_6LMMpfv8pro/tmp_ulay.nii
++ 3dcalc: AFNI version=AFNI_22.1.06 (Apr 24 2022) [64-bit]
++ Authored by: A cast of thousands
++ Output dataset ./QC_110004_02152017/media/__tmp_chauf_6LMMpfv8pro/tmp_olay.nii
++ User-entered function range value value (0.6)
++ Dimensions (xyzt): 193 229 193 1
++ (initial) Slice spacing ordered (x,y,z) is:  27 32 27
++ 3dAutobox: AFNI version=AFNI_22.1.06 (Apr 24 2022) [64-bit]
++ Auto bbox: x=24..168  y=24..205  z=6..160
++ 3dAutobox: output dataset = QC_110004_02152017/media/__tmp_chauf_6LMMpfv8pro/ulay_box_0.nii
++ 3dmaskdump: AFNI version=AFNI_22.1.06 (Apr 24 2022) [64-bit]
++ Executing 3dcalc()
 argv[0]=3dcalc argv[1]=-a argv[2]=QC_110004_02152017/media/__tmp_chauf_6LMMpfv8pro/ulay_box_0.nii[0] argv[3]=-expr argv[4]=a argv[5]=-byte argv[6]=-session argv[7]=/tmp argv[8]=-prefix argv[9]=3dcalc_AFN_71z6Q0FZrulA_7Y-d3uAxg argv[10]=-verbose
++ 3dcalc: AFNI version=AFNI_22.1.06 (Apr 24 2022) [64-bit]
++ Authored by: A cast of thousands
++ Computing sub-brick 0
++ Scaling output to type byte brick(s)
++ Sub-brick 0: no scale factor
++ Computing output statistics
++ Output dataset /tmp/3dcalc_AFN_71z6Q0FZrulA_7Y-d3uAxg+tlrc.BRIK
++ 4090450 voxels in the entire dataset (no mask)
++ 1 voxels in the boxes and/or balls
++ Using only the boxes+balls mask
++ How many coors? 3
++ Will have the ref box central coors : SET_DICOM_XYZ 1 18 5
++ Will have the ref box central gapord: 20 26 22

------------------- end of optionizing -------------------

 -- trying to start Xvfb :391 
[1] 2248
+/media/mcuser/Data2/desimone/ab4240_imaging/resting_state/data_proc/110004_02152017/proc_py/QC_110004_02152017/media/__tmp_chauf_6LMMpfv8pro++ Writing palette image to QC_110004_02152017/media/qc_07_vstat_seed_lh-cort-aud.pbar.jpg
++ Writing one 2714x458 image to filter '/home/mcuser/anaconda3/bin/cjpeg -quality 95 > QC_110004_02152017/media/qc_07_vstat_seed_lh-cort-aud.axi.jpg'
++ Writing one 3218x386 image to filter '/home/mcuser/anaconda3/bin/cjpeg -quality 95 > QC_110004_02152017/media/qc_07_vstat_seed_lh-cort-aud.sag.jpg'

AFNI QUITTs!

+++ Command Echo:
   afni -q -no1D -noplugins -no_detach -com SWITCH_UNDERLAY tmp_ulay.nii -com SWITCH_OVERLAY  tmp_olay.nii -com SEE_OVERLAY     + -com OPEN_WINDOW sagittalimage opacity=9 mont=7x1:20:1:black crop=0:0,0:0 -com OPEN_WINDOW coronalimage  opacity=9 mont=7x1:26:1:black crop=0:0,0:0 -com OPEN_WINDOW axialimage    opacity=9 mont=7x1:22:1:black crop=0:0,0:0 -com SET_PBAR_ALL    -99 1 Reds_and_Blues_Inv -com PBAR_SAVEIM QC_110004_02152017/media/qc_07_vstat_seed_lh-cort-aud.pbar.jpg dim=64x512H -com SET_SUBBRICKS   0 0 0 -com SET_ULAY_RANGE A.all 0.000000 280.405920 -com SET_FUNC_RANGE  0.6 -com SET_THRESHNEW   0.3 * -com SET_FUNC_ALPHA  Yes -com SET_FUNC_BOXED  Yes -com SET_FUNC_RESAM  NN.NN -com SET_XHAIRS      OFF -com SET_XHAIR_GAP   -1 -com SET_DICOM_XYZ 1 18 5 -com SAVE_JPEG axialimage    QC_110004_02152017/media/qc_07_vstat_seed_lh-cort-aud.axi blowup=2 -com SAVE_JPEG sagittalimage QC_110004_02152017/media/qc_07_vstat_seed_lh-cort-aud.sag blowup=2 -com QUITT QC_110004_02152017/media/__tmp_chauf_6LMMpfv8pro 


+* Removing temporary image directory 'QC_110004_02152017/media/__tmp_chauf_6LMMpfv8pro'.

[1]    Done                          Xvfb :391 -screen 0 1024x768x24

++ DONE (good exit)
   see: QC_110004_02152017/media/qc_07_vstat_seed_lh-cort-aud*

/home/mcuser/abin/afnipy/lib_plot_1D.py:373: UserWarning: FixedFormatter should only be used together with FixedLocator
  pp.set_xticklabels(['']*nlabs)
++ FOR: motion_110004_02152017_enorm.1D: 1 arrays with 197 pts
++ FOR: outcount_rall.1D: 1 arrays with 197 pts
++ Lists of names and yvars match length
*+ No input x-axis; making values based on length of data: [0..196]
++ Plotting: enorm (~mm)
++ Plotting: outlier frac
++ Done! Figure created:
	 QC_110004_02152017/media/qc_08_mot_enormoutlr.jpg
/home/mcuser/abin/afnipy/lib_plot_1D.py:373: UserWarning: FixedFormatter should only be used together with FixedLocator
  pp.set_xticklabels(['']*nlabs)
/home/mcuser/abin/afnipy/lib_plot_1D.py:373: UserWarning: FixedFormatter should only be used together with FixedLocator
  pp.set_xticklabels(['']*nlabs)
/home/mcuser/abin/afnipy/lib_plot_1D.py:373: UserWarning: FixedFormatter should only be used together with FixedLocator
  pp.set_xticklabels(['']*nlabs)
/home/mcuser/abin/afnipy/lib_plot_1D.py:373: UserWarning: FixedFormatter should only be used together with FixedLocator
  pp.set_xticklabels(['']*nlabs)
/home/mcuser/abin/afnipy/lib_plot_1D.py:373: UserWarning: FixedFormatter should only be used together with FixedLocator
  pp.set_xticklabels(['']*nlabs)
++ FOR: dfile_rall.1D: 6 arrays with 197 pts
++ Lists of names and yvars match length
*+ No input x-axis; making values based on length of data: [0..196]
++ Plotting: dP
(mm)
++ Plotting: dL
(mm)
++ Plotting: dS
(mm)
++ Plotting: yaw
(deg)
++ Plotting: pitch
(deg)
++ Plotting: roll
(deg)
++ Done! Figure created:
	 QC_110004_02152017/media/qc_09_mot_VR6.jpg
++ 3dGrayplot: AFNI version=AFNI_22.1.06 (Apr 24 2022) [64-bit]
 + Loading dataset ./errts.110004_02152017_REML+tlrc.HEAD
 + Number of voxels in mask = 76169
 +   RMS norming time series
 +   Computing PV order for mask partition #1 - 76169 voxels
 +   Computing mri_vec_to_pvmap
 +  PVpair: nn=197 < mm=76169 -- using 40 threads to compute A matrix
 +   start sums using column/voxel ii=10000
 +   start sums using column/voxel ii=20000
 +   start sums using column/voxel ii=30000
 +   start sums using column/voxel ii=40000
 +   start sums using column/voxel ii=50000
 +   start sums using column/voxel ii=60000
 +   start sums using column/voxel ii=70000
 +    first 2 singular values = 1373.99 1069.88
 +   Sorting mri_vec_to_pvmap
 +   Putting sorted vectors back into vectim
 + 3dGrayplot: Elapsed = 11.7 s
++ pbar name has known extension: jpg
++ My command:
   @chauffeur_afni -ulay full_mask.110004_02152017+tlrc.HEAD -olay full_mask.110004_02152017+tlrc.HEAD -box_focus_slices AMASK_FOCUS_OLAY -cbar gray_scale -func_range 3.29 -blowup 1 -set_subbricks 0 0 0 -opacity 9 -pbar_saveim QC_110004_02152017/media/qc_10_mot_grayplot.pbar.jpg -pbar_comm_range for normal distr, bounds of 0.001 prob tail -prefix __tmp_ZXCV_img -save_ftype JPEG -montx 1 -monty 1 -set_xhairs OFF -label_mode 1 -label_size 4 -no_cor -do_clean

++ Using AFNI ver : AFNI_22.1.06
++ chauffeur ver  : 6.31

------------------ start of optionizing ------------------

++ Found input file:   full_mask.110004_02152017+tlrc.HEAD
++ Found input file:   full_mask.110004_02152017+tlrc.HEAD
++ Using blowup factor: 1
++ Using opacity:  9
++ Making temporary work directory to copy vis files: ./__tmp_chauf_25EsKihXEIy
++ Converted 0 to labels
++ Final subbrick indices: 0 0 0
++ Copy ulay to visualize (volumetric) within user's range:
++ Ulay to be visualized within user range:
  [0%, 98%] -> [0.000000, 1.000000]
++ 3dcalc: AFNI version=AFNI_22.1.06 (Apr 24 2022) [64-bit]
++ Authored by: A cast of thousands
++ Output dataset ././__tmp_chauf_25EsKihXEIy/tmp_ulay.nii
++ 3dcalc: AFNI version=AFNI_22.1.06 (Apr 24 2022) [64-bit]
++ Authored by: A cast of thousands
++ Output dataset ././__tmp_chauf_25EsKihXEIy/tmp_olay.nii
++ User-entered function range value value (3.29)
++ Dimensions (xyzt): 64 76 64 1
++ (initial) Slice spacing ordered (x,y,z) is:  64 76 64
++ 3dAutomask: AFNI version=AFNI_22.1.06 (Apr 24 2022) [64-bit]
++ Authored by: Emperor Zhark
++ 3dAutobox: AFNI version=AFNI_22.1.06 (Apr 24 2022) [64-bit]
++ Auto bbox: x=0..63  y=0..75  z=0..63
++ THD_zeropad: all pad values are zero - just copying dataset
++ 3dAutobox: output dataset = ./__tmp_chauf_25EsKihXEIy/ulay_box_0.nii
++ 3dmaskdump: AFNI version=AFNI_22.1.06 (Apr 24 2022) [64-bit]
++ Executing 3dcalc()
 argv[0]=3dcalc argv[1]=-a argv[2]=./__tmp_chauf_25EsKihXEIy/ulay_box_0.nii[0] argv[3]=-expr argv[4]=a argv[5]=-byte argv[6]=-session argv[7]=/tmp argv[8]=-prefix argv[9]=3dcalc_AFN_88sYTInWrmpyHeTkTnBxYA argv[10]=-verbose
++ 3dcalc: AFNI version=AFNI_22.1.06 (Apr 24 2022) [64-bit]
++ Authored by: A cast of thousands
++ Computing sub-brick 0
++ Scaling output to type byte brick(s)
++ Sub-brick 0: no scale factor
++ Computing output statistics
++ 311296 voxels in the entire dataset (no mask)
++ 1 voxels in the boxes and/or balls
++ Using only the boxes+balls mask
++ How many coors? 3
++ Will have the ref box central coors : SET_DICOM_XYZ 1.5 19.5 19.5
++ Will have the ref box central gapord: 64 76 64

------------------- end of optionizing -------------------

 -- trying to start Xvfb :154 
[1] 2817
+/media/mcuser/Data2/desimone/ab4240_imaging/resting_state/data_proc/110004_02152017/proc_py/__tmp_chauf_25EsKihXEIy++ Writing palette image to QC_110004_02152017/media/qc_10_mot_grayplot.pbar.jpg
++ Writing one 64x76 image to filter '/home/mcuser/anaconda3/bin/cjpeg -quality 95 > ./__tmp_ZXCV_img.axi.jpg'
++ Writing one 76x64 image to filter '/home/mcuser/anaconda3/bin/cjpeg -quality 95 > ./__tmp_ZXCV_img.sag.jpg'

AFNI QUITTs!

+++ Command Echo:
   afni -q -no1D -noplugins -no_detach -com SWITCH_UNDERLAY tmp_ulay.nii -com SWITCH_OVERLAY  tmp_olay.nii -com SEE_OVERLAY     + -com OPEN_WINDOW sagittalimage opacity=9 mont=1x1:64:0:black crop=0:0,0:0 -com OPEN_WINDOW coronalimage  opacity=9 mont=1x1:76:0:black crop=0:0,0:0 -com OPEN_WINDOW axialimage    opacity=9 mont=1x1:64:0:black crop=0:0,0:0 -com SET_PBAR_ALL    -99 1 gray_scale -com PBAR_SAVEIM QC_110004_02152017/media/qc_10_mot_grayplot.pbar.jpg dim=64x512H -com SET_SUBBRICKS   0 0 0 -com SET_ULAY_RANGE A.all 0.000000 1.000000 -com SET_FUNC_RANGE  3.29 -com SET_THRESHNEW   0 * -com SET_FUNC_ALPHA  No -com SET_FUNC_BOXED  No -com SET_FUNC_RESAM  NN.NN -com SET_XHAIRS      OFF -com SET_XHAIR_GAP   -1 -com SET_DICOM_XYZ 1.5 19.5 19.5 -com SAVE_JPEG axialimage    ./__tmp_ZXCV_img.axi blowup=1 -com SAVE_JPEG sagittalimage ./__tmp_ZXCV_img.sag blowup=1 -com QUITT ./__tmp_chauf_25EsKihXEIy 


+* Removing temporary image directory './__tmp_chauf_25EsKihXEIy'.

[1]    Done                          Xvfb :154 -screen 0 1024x768x24

++ DONE (good exit)
   see: ./__tmp_ZXCV_img*

++ FOR: motion_110004_02152017_enorm.1D: 1 arrays with 197 pts
++ FOR: outcount_rall.1D: 1 arrays with 197 pts
*+ No ylabels entered
*+ No input x-axis; making values based on length of data: [0..196]
++ Will scale each time series by censor_hline
++ Apply scale: 2.0
++ Apply scale: 10.0
++ Will apply same y-axis range '[0.0, 3.0]' to all dsets
++ Plotting: 
++ Plotting: 
++ Done! Figure created:
	 __tmp_img_enorm.jpg

+* Removing temporary files '__tmp_gluing*'


++ DONE! Image output:
       QC_110004_02152017/media/qc_10_mot_grayplot.jpg

++ Check summary of degrees of freedom in: QC_110004_02152017/media/qc_11_regr_df.dat
++ olay_alpha has known value: Yes
++ pbar name has known extension: jpg
++ My command:
   @chauffeur_afni -ulay /home/mcuser/abin/MNI152_T1_2009c+tlrc -box_focus_slices /home/mcuser/abin/MNI152_T1_2009c+tlrc -olay corr_brain+tlrc.HEAD -cbar Reds_and_Blues_Inv -ulay_range 0% 120% -func_range 0.6 -thr_olay 0.3 -olay_alpha Yes -olay_boxed Yes -set_subbricks 0 0 0 -opacity 9 -pbar_saveim QC_110004_02152017/media/qc_12_regr_corr_errts.pbar.jpg -pbar_comm_range Pearson r -pbar_comm_thr alpha+boxed on -prefix QC_110004_02152017/media/qc_12_regr_corr_errts -save_ftype JPEG -montx 7 -monty 1 -montgap 1 -montcolor black -set_xhairs OFF -label_mode 1 -label_size 4 -no_cor -do_clean

++ Using AFNI ver : AFNI_22.1.06
++ chauffeur ver  : 6.31

------------------ start of optionizing ------------------

++ Found input file:   /home/mcuser/abin/MNI152_T1_2009c+tlrc
++ Found input file:   corr_brain+tlrc.HEAD
++ Found focus refbox file:   /home/mcuser/abin/MNI152_T1_2009c+tlrc
++ Using blowup factor: 2
++ Using opacity:  9
++ Making temporary work directory to copy vis files: QC_110004_02152017/media/__tmp_chauf_Ksc5oJk1hxg
++ Converted 0 to labels
++ Final subbrick indices: 0 0 0
++ Copy ulay to visualize (volumetric) within user's range:
++ Ulay range calc for >100%ile ulay max:
   calculating 98%ile value, and then
   multiplying it by a scale factor = 1.22448,
   in order to produce the 98%ile value
++ Ulay to be visualized within user range:
  [0%, 120%] -> [0.000000, 280.405920]
++ 3dcalc: AFNI version=AFNI_22.1.06 (Apr 24 2022) [64-bit]
++ Authored by: A cast of thousands
++ Output dataset ./QC_110004_02152017/media/__tmp_chauf_Ksc5oJk1hxg/tmp_ulay.nii
++ 3dcalc: AFNI version=AFNI_22.1.06 (Apr 24 2022) [64-bit]
++ Authored by: A cast of thousands
++ Output dataset ./QC_110004_02152017/media/__tmp_chauf_Ksc5oJk1hxg/tmp_olay.nii
++ User-entered function range value value (0.6)
++ Dimensions (xyzt): 193 229 193 1
++ (initial) Slice spacing ordered (x,y,z) is:  27 32 27
++ 3dAutobox: AFNI version=AFNI_22.1.06 (Apr 24 2022) [64-bit]
++ Auto bbox: x=24..168  y=24..205  z=6..160
++ 3dAutobox: output dataset = QC_110004_02152017/media/__tmp_chauf_Ksc5oJk1hxg/ulay_box_0.nii
++ 3dmaskdump: AFNI version=AFNI_22.1.06 (Apr 24 2022) [64-bit]
++ Executing 3dcalc()
 argv[0]=3dcalc argv[1]=-a argv[2]=QC_110004_02152017/media/__tmp_chauf_Ksc5oJk1hxg/ulay_box_0.nii[0] argv[3]=-expr argv[4]=a argv[5]=-byte argv[6]=-session argv[7]=/tmp argv[8]=-prefix argv[9]=3dcalc_AFN_9yvFIRzB3VMcTPzpKJCqoQ argv[10]=-verbose
++ 3dcalc: AFNI version=AFNI_22.1.06 (Apr 24 2022) [64-bit]
++ Authored by: A cast of thousands
++ Computing sub-brick 0
++ Scaling output to type byte brick(s)
++ Sub-brick 0: no scale factor
++ Computing output statistics
++ Output dataset /tmp/3dcalc_AFN_9yvFIRzB3VMcTPzpKJCqoQ+tlrc.BRIK
++ 4090450 voxels in the entire dataset (no mask)
++ 1 voxels in the boxes and/or balls
++ Using only the boxes+balls mask
++ How many coors? 3
++ Will have the ref box central coors : SET_DICOM_XYZ 1 18 5
++ Will have the ref box central gapord: 20 26 22

------------------- end of optionizing -------------------

 -- trying to start Xvfb :269 
[1] 3125
+/media/mcuser/Data2/desimone/ab4240_imaging/resting_state/data_proc/110004_02152017/proc_py/QC_110004_02152017/media/__tmp_chauf_Ksc5oJk1hxg++ Writing palette image to QC_110004_02152017/media/qc_12_regr_corr_errts.pbar.jpg
++ Writing one 2714x458 image to filter '/home/mcuser/anaconda3/bin/cjpeg -quality 95 > QC_110004_02152017/media/qc_12_regr_corr_errts.axi.jpg'
++ Writing one 3218x386 image to filter '/home/mcuser/anaconda3/bin/cjpeg -quality 95 > QC_110004_02152017/media/qc_12_regr_corr_errts.sag.jpg'

AFNI QUITTs!

+++ Command Echo:
   afni -q -no1D -noplugins -no_detach -com SWITCH_UNDERLAY tmp_ulay.nii -com SWITCH_OVERLAY  tmp_olay.nii -com SEE_OVERLAY     + -com OPEN_WINDOW sagittalimage opacity=9 mont=7x1:20:1:black crop=0:0,0:0 -com OPEN_WINDOW coronalimage  opacity=9 mont=7x1:26:1:black crop=0:0,0:0 -com OPEN_WINDOW axialimage    opacity=9 mont=7x1:22:1:black crop=0:0,0:0 -com SET_PBAR_ALL    -99 1 Reds_and_Blues_Inv -com PBAR_SAVEIM QC_110004_02152017/media/qc_12_regr_corr_errts.pbar.jpg dim=64x512H -com SET_SUBBRICKS   0 0 0 -com SET_ULAY_RANGE A.all 0.000000 280.405920 -com SET_FUNC_RANGE  0.6 -com SET_THRESHNEW   0.3 * -com SET_FUNC_ALPHA  Yes -com SET_FUNC_BOXED  Yes -com SET_FUNC_RESAM  NN.NN -com SET_XHAIRS      OFF -com SET_XHAIR_GAP   -1 -com SET_DICOM_XYZ 1 18 5 -com SAVE_JPEG axialimage    QC_110004_02152017/media/qc_12_regr_corr_errts.axi blowup=2 -com SAVE_JPEG sagittalimage QC_110004_02152017/media/qc_12_regr_corr_errts.sag blowup=2 -com QUITT QC_110004_02152017/media/__tmp_chauf_Ksc5oJk1hxg 


+* Removing temporary image directory 'QC_110004_02152017/media/__tmp_chauf_Ksc5oJk1hxg'.

[1]    Done                          Xvfb :269 -screen 0 1024x768x24

++ DONE (good exit)
   see: QC_110004_02152017/media/qc_12_regr_corr_errts*

++ Prepare for running adjunct_apqc_tsnr_general (ver = 1.21)
++ MODE: 10
++ olay_alpha has known value: No
*+ Setting pbar file extension: jpg


++ My command:
   @chauffeur_afni -ulay /home/mcuser/abin/MNI152_T1_2009c+tlrc -olay TSNR.110004_02152017+tlrc.HEAD -ulay_range 0% 120% -func_range 1186 -box_focus_slices /home/mcuser/abin/MNI152_T1_2009c+tlrc -set_subbricks 0 0 0 -pbar_posonly -blowup 2 -cbar   1186=red  1021=oran-red  857=orange  693=oran-yell  528=yell-oran  364=yellow  200=lt-blue2  121=blue  0=none -cbar_ncolors 8 -cbar_topval EMPTY -opacity 4 -olay_alpha No -olay_boxed No -thr_olay 0 -pbar_saveim QC_110004_02152017/media/qc_13_regr_tsnr_fin.pbar -pbar_comm_range 95%ile in mask -pbar_comm_gen  cbar: hot color range (5-95%ile TSNR in mask): 200 - 1186 -prefix QC_110004_02152017/media/qc_13_regr_tsnr_fin -save_ftype JPEG -montx 7 -monty 1 -montgap 1 -montcolor black -set_xhairs OFF -label_mode 1 -label_size 4 -no_cor -do_clean -pass -pass

++ Using AFNI ver : AFNI_22.1.06
++ chauffeur ver  : 6.31

------------------ start of optionizing ------------------

++ Found input file:   /home/mcuser/abin/MNI152_T1_2009c+tlrc
++ Found input file:   TSNR.110004_02152017+tlrc.HEAD
++ Found focus refbox file:   /home/mcuser/abin/MNI152_T1_2009c+tlrc
++ Using blowup factor: 2
++ Using opacity:  4
++ Making temporary work directory to copy vis files: QC_110004_02152017/media/__tmp_chauf_ZuVmrsicyn5
++ Converted 0 to labels
++ Final subbrick indices: 0 0 0
++ Copy ulay to visualize (volumetric) within user's range:
++ Ulay range calc for >100%ile ulay max:
   calculating 98%ile value, and then
   multiplying it by a scale factor = 1.22448,
   in order to produce the 98%ile value
++ Ulay to be visualized within user range:
  [0%, 120%] -> [0.000000, 280.405920]
++ 3dcalc: AFNI version=AFNI_22.1.06 (Apr 24 2022) [64-bit]
++ Authored by: A cast of thousands
++ Output dataset ./QC_110004_02152017/media/__tmp_chauf_ZuVmrsicyn5/tmp_ulay.nii
++ 3dcalc: AFNI version=AFNI_22.1.06 (Apr 24 2022) [64-bit]
++ Authored by: A cast of thousands
++ Output dataset ./QC_110004_02152017/media/__tmp_chauf_ZuVmrsicyn5/tmp_olay.nii
++ User-entered function range value value (1186)
++ Dimensions (xyzt): 193 229 193 1
++ (initial) Slice spacing ordered (x,y,z) is:  27 32 27
++ 3dAutobox: AFNI version=AFNI_22.1.06 (Apr 24 2022) [64-bit]
++ Auto bbox: x=24..168  y=24..205  z=6..160
++ 3dAutobox: output dataset = QC_110004_02152017/media/__tmp_chauf_ZuVmrsicyn5/ulay_box_0.nii
++ 3dmaskdump: AFNI version=AFNI_22.1.06 (Apr 24 2022) [64-bit]
++ Executing 3dcalc()
 argv[0]=3dcalc argv[1]=-a argv[2]=QC_110004_02152017/media/__tmp_chauf_ZuVmrsicyn5/ulay_box_0.nii[0] argv[3]=-expr argv[4]=a argv[5]=-byte argv[6]=-session argv[7]=/tmp argv[8]=-prefix argv[9]=3dcalc_AFN_RehMQyEjXujivyFegiOzNw argv[10]=-verbose
++ 3dcalc: AFNI version=AFNI_22.1.06 (Apr 24 2022) [64-bit]
++ Authored by: A cast of thousands
++ Computing sub-brick 0
++ Scaling output to type byte brick(s)
++ Sub-brick 0: no scale factor
++ Computing output statistics
++ Output dataset /tmp/3dcalc_AFN_RehMQyEjXujivyFegiOzNw+tlrc.BRIK
++ 4090450 voxels in the entire dataset (no mask)
++ 1 voxels in the boxes and/or balls
++ Using only the boxes+balls mask
++ How many coors? 3
++ Will have the ref box central coors : SET_DICOM_XYZ 1 18 5
++ Will have the ref box central gapord: 20 26 22

------------------- end of optionizing -------------------

 -- trying to start Xvfb :515 
[1] 3439
+/media/mcuser/Data2/desimone/ab4240_imaging/resting_state/data_proc/110004_02152017/proc_py/QC_110004_02152017/media/__tmp_chauf_ZuVmrsicyn5++ Writing palette image to QC_110004_02152017/media/qc_13_regr_tsnr_fin.pbar.jpg
++ Writing one 2714x458 image to filter '/home/mcuser/anaconda3/bin/cjpeg -quality 95 > QC_110004_02152017/media/qc_13_regr_tsnr_fin.axi.jpg'
++ Writing one 3218x386 image to filter '/home/mcuser/anaconda3/bin/cjpeg -quality 95 > QC_110004_02152017/media/qc_13_regr_tsnr_fin.sag.jpg'

AFNI QUITTs!

+++ Command Echo:
   afni -q -no1D -noplugins -no_detach -com SWITCH_UNDERLAY tmp_ulay.nii -com SWITCH_OVERLAY  tmp_olay.nii -com SEE_OVERLAY     + -com OPEN_WINDOW sagittalimage opacity=4 mont=7x1:20:1:black crop=0:0,0:0 -com OPEN_WINDOW coronalimage  opacity=4 mont=7x1:26:1:black crop=0:0,0:0 -com OPEN_WINDOW axialimage    opacity=4 mont=7x1:22:1:black crop=0:0,0:0 -com SET_PBAR_ALL    +8    1186=red  1021=oran-red  857=orange  693=oran-yell  528=yell-oran  364=yellow  200=lt-blue2  121=blue  0=none -com PBAR_SAVEIM QC_110004_02152017/media/qc_13_regr_tsnr_fin.pbar.jpg dim=64x512H -com SET_SUBBRICKS   0 0 0 -com SET_ULAY_RANGE A.all 0.000000 280.405920 -com SET_FUNC_RANGE  1186 -com SET_THRESHNEW   0 * -com SET_FUNC_ALPHA  No -com SET_FUNC_BOXED  No -com SET_FUNC_RESAM  NN.NN -com SET_XHAIRS      OFF -com SET_XHAIR_GAP   -1 -com SET_DICOM_XYZ 1 18 5 -com SAVE_JPEG axialimage    QC_110004_02152017/media/qc_13_regr_tsnr_fin.axi blowup=2 -com SAVE_JPEG sagittalimage QC_110004_02152017/media/qc_13_regr_tsnr_fin.sag blowup=2 -com QUITT QC_110004_02152017/media/__tmp_chauf_ZuVmrsicyn5 


+* Removing temporary image directory 'QC_110004_02152017/media/__tmp_chauf_ZuVmrsicyn5'.

[1]    Done                          Xvfb :515 -screen 0 1024x768x24

++ DONE (good exit)
   see: QC_110004_02152017/media/qc_13_regr_tsnr_fin*

++ Check for corr matrix warnings in: QC_110004_02152017/media/qc_14_warns_xmat.dat
++ Check for censor fraction warnings (general): QC_110004_02152017/media/qc_15_warns_cen_total.dat
++ Check basic summary quants from proc in: QC_110004_02152017/media/qc_17_qsumm_ssrev.dat


# +++++++++++ Check output of @ss_review_basic +++++++++++ #


subject ID                : 110004_02152017
AFNI version              : AFNI_22.1.06
AFNI package              : linux_ubuntu_16_64
TR                        : 3.0
TRs removed (per run)     : 3
num stim classes provided : 0
final anatomy dset        : anat_final.110004_02152017+tlrc.HEAD
final stats dset          : NO_STATS
final errts dset          : errts.110004_02152017_REML+tlrc.HEAD
orig voxel counts         : 68	69	65
orig voxel resolution     : 3.300000	3.300000	3.300000
orig volume center        : 6.301697	15.417900	20.812859
final voxel resolution    : 3.000000	3.000000	3.000000

motion limit              : 0.5
num TRs above mot limit   : 0
average motion (per TR)   : 0.0197986
average censored motion   : 0.0197986
max motion displacement   : 0.240389
max censored displacement : 0.240389
outlier limit             : 0.1
average outlier frac (TR) : 0.00130518
num TRs above out limit   : 0

num runs found            : 1
num TRs per run           : 197
num TRs per run (applied) : 197
num TRs per run (censored): 0
fraction censored per run : 0
TRs total (uncensored)    : 197
TRs total                 : 197
degrees of freedom used   : 105
degrees of freedom left   : 92

TRs censored              : 0
censor fraction           : 0.000000
num regs of interest      : 0

TSNR average              : 628.529
global correlation (GCOR) : 0.0630843
anat/EPI mask Dice coef   : 0.862745
anat/templ mask Dice coef : 0.836392
blur estimates (ACF)      : 0.688305 6.9755 12.2014
blur estimates (FWHM)     : 0 0 0



++ Done! Wrote QC HTML.  To check, consider:

   afni_open -b /media/mcuser/Data2/desimone/ab4240_imaging/resting_state/data_proc/110004_02152017/proc_py/QC_110004_02152017/index.html


consider running: 

   afni_open -b /media/mcuser/Data2/desimone/ab4240_imaging/resting_state/data_proc/110004_02152017/proc_py/QC_110004_02152017/index.html

execution finished: Fri Jan 27 16:18:21 EST 2023
